\BOOKMARK [1][-]{section.1}{Desnormalizaci\363n.}{}% 1
\BOOKMARK [2][-]{subsection.1.1}{Empleados que atendieron clientes mayores de edad.}{section.1}% 2
\BOOKMARK [3][-]{subsubsection.1.1.1}{Ejemplo}{subsection.1.1}% 3
\BOOKMARK [2][-]{subsection.1.2}{Articulos mas vendidos.}{section.1}% 4
\BOOKMARK [3][-]{subsubsection.1.2.1}{Ejemplo}{subsection.1.2}% 5
\BOOKMARK [2][-]{subsection.1.3}{Sectores donde trabaja exactamente 3 empleado.}{section.1}% 6
\BOOKMARK [3][-]{subsubsection.1.3.1}{Ejemplo}{subsection.1.3}% 7
\BOOKMARK [2][-]{subsection.1.4}{Empleado que trabaja en m\341s sectores..}{section.1}% 8
\BOOKMARK [3][-]{subsubsection.1.4.1}{Ejemplo}{subsection.1.4}% 9
\BOOKMARK [2][-]{subsection.1.5}{Ranking de los clientes con mayor cantidad de compras.}{section.1}% 10
\BOOKMARK [3][-]{subsubsection.1.5.1}{Ejemplo}{subsection.1.5}% 11
\BOOKMARK [2][-]{subsection.1.6}{Cantidad de compras realizadas por clientes de misma edad.}{section.1}% 12
\BOOKMARK [3][-]{subsubsection.1.6.1}{Ejemplo}{subsection.1.6}% 13
\BOOKMARK [1][-]{section.2}{Map-Reduce.}{}% 14
\BOOKMARK [2][-]{subsection.2.1}{Disposiciones de tipo resoluci\363n en Abril de 2013.}{section.2}% 15
\BOOKMARK [2][-]{subsection.2.2}{Disposiciones de cada tipo.}{section.2}% 16
\BOOKMARK [2][-]{subsection.2.3}{Fecha mas citada.}{section.2}% 17
\BOOKMARK [2][-]{subsection.2.4}{Mayor cantidad de paginas por cada tipo.}{section.2}% 18
\BOOKMARK [1][-]{section.3}{Sharding.}{}% 19
\BOOKMARK [1][-]{section.4}{Otras base de datos NoSql.}{}% 20
\BOOKMARK [1][-]{section.5}{Conclusiones.}{}% 21
